2015-05-19 21:10:59,348 [5] INFO _Default [(null)] - Webstart...............
2015-05-19 21:19:29,851 [5] INFO _Default [(null)] - Webstart...............
2015-05-19 22:04:57,070 [5] INFO _Default [(null)] - Webstart...............
2015-05-19 22:06:42,052 [5] INFO AccessData [(null)] - 
2015-05-19 22:07:57,965 [5] INFO AccessData [(null)] - 
2015-05-19 22:07:58,090 [5] ERROR AccessData [(null)] - System.InvalidOperationException: ExecuteNonQuery: CommandText property has not been initialized
   at System.Data.SqlClient.SqlCommand.ValidateCommand(String method, Boolean async)
   at System.Data.SqlClient.SqlCommand.InternalExecuteNonQuery(TaskCompletionSource`1 completion, String methodName, Boolean sendToPipe, Int32 timeout, Boolean asyncWrite)
   at System.Data.SqlClient.SqlCommand.ExecuteNonQuery()
   at AccessData.ExecuteNonQuery(SqlCommand sqlcmd) in f:\Project Crazy\SiteTYVAS\trunk\SourceCode\App_Code\DAO\AccessData.cs:line 242
2015-05-19 22:07:58,091 [5] ERROR AccessData [(null)] - System.InvalidOperationException: ExecuteNonQuery: CommandText property has not been initialized
   at AccessData.ExecuteNonQuery(SqlCommand sqlcmd) in f:\Project Crazy\SiteTYVAS\trunk\SourceCode\App_Code\DAO\AccessData.cs:line 247
   at AccessData.ExecuteNonQuery(String strQuery) in f:\Project Crazy\SiteTYVAS\trunk\SourceCode\App_Code\DAO\AccessData.cs:line 208
2015-05-19 22:07:58,091 [5] ERROR AccessData [(null)] - System.InvalidOperationException: ExecuteNonQuery: CommandText property has not been initialized
   at AccessData.ExecuteNonQuery(String strQuery) in f:\Project Crazy\SiteTYVAS\trunk\SourceCode\App_Code\DAO\AccessData.cs:line 213
   at AccessData.InsertRow(String table, Object row, String[] column) in f:\Project Crazy\SiteTYVAS\trunk\SourceCode\App_Code\DAO\AccessData.cs:line 309
2015-05-19 22:08:09,203 [5] INFO _Default [(null)] - Webstart...............
2015-05-19 22:08:42,595 [5] ERROR AccessData [(null)] - System.NullReferenceException: Object reference not set to an instance of an object.
   at AccessData.GetInsertSql(String table, Object row, String[] column) in f:\Project Crazy\SiteTYVAS\trunk\SourceCode\App_Code\DAO\AccessData.cs:line 345
2015-05-19 22:08:42,595 [5] INFO AccessData [(null)] - 
2015-05-19 22:08:42,622 [5] ERROR AccessData [(null)] - System.InvalidOperationException: ExecuteNonQuery: CommandText property has not been initialized
   at System.Data.SqlClient.SqlCommand.ValidateCommand(String method, Boolean async)
   at System.Data.SqlClient.SqlCommand.InternalExecuteNonQuery(TaskCompletionSource`1 completion, String methodName, Boolean sendToPipe, Int32 timeout, Boolean asyncWrite)
   at System.Data.SqlClient.SqlCommand.ExecuteNonQuery()
   at AccessData.ExecuteNonQuery(SqlCommand sqlcmd) in f:\Project Crazy\SiteTYVAS\trunk\SourceCode\App_Code\DAO\AccessData.cs:line 242
2015-05-19 22:08:42,623 [5] ERROR AccessData [(null)] - System.InvalidOperationException: ExecuteNonQuery: CommandText property has not been initialized
   at AccessData.ExecuteNonQuery(SqlCommand sqlcmd) in f:\Project Crazy\SiteTYVAS\trunk\SourceCode\App_Code\DAO\AccessData.cs:line 247
   at AccessData.ExecuteNonQuery(String strQuery) in f:\Project Crazy\SiteTYVAS\trunk\SourceCode\App_Code\DAO\AccessData.cs:line 208
2015-05-19 22:08:42,623 [5] ERROR AccessData [(null)] - System.InvalidOperationException: ExecuteNonQuery: CommandText property has not been initialized
   at AccessData.ExecuteNonQuery(String strQuery) in f:\Project Crazy\SiteTYVAS\trunk\SourceCode\App_Code\DAO\AccessData.cs:line 213
   at AccessData.InsertRow(String table, Object row, String[] column) in f:\Project Crazy\SiteTYVAS\trunk\SourceCode\App_Code\DAO\AccessData.cs:line 309
2015-05-19 22:08:49,973 [5] INFO _Default [(null)] - Webstart...............
2015-05-19 22:13:49,756 [5] INFO AccessData [(null)] - INSERT INTO Attender () VALUES (,0,'','Phieudieu54@gmail.com','','Nguyen Van Luong',,0,'5/19/2015 10:08:52 PM',null,'Rookey',null)
2015-05-19 22:15:14,154 [5] INFO AccessData [(null)] - INSERT INTO Attender () VALUES (,0,'','Phieudieu54@gmail.com','','Nguyen Van Luong',,0,'5/19/2015 10:08:52 PM',null,'Rookey',null)
2015-05-19 22:16:33,606 [5] INFO AccessData [(null)] - INSERT INTO Attender () VALUES (,0,'','Phieudieu54@gmail.com','','Nguyen Van Luong',,0,'5/19/2015 10:08:52 PM',null,'Rookey',null)
2015-05-19 22:18:28,234 [5] INFO AccessData [(null)] - INSERT INTO Attender (,FullName,FullName) VALUES (,0,'','Phieudieu54@gmail.com','','Nguyen Van Luong',,0,'5/19/2015 10:08:52 PM',null,'Rookey',null)
2015-05-19 22:18:28,401 [5] ERROR AccessData [(null)] - System.Data.SqlClient.SqlException (0x80131904): Incorrect syntax near ','.
   at System.Data.SqlClient.SqlConnection.OnError(SqlException exception, Boolean breakConnection, Action`1 wrapCloseInAction)
   at System.Data.SqlClient.SqlInternalConnection.OnError(SqlException exception, Boolean breakConnection, Action`1 wrapCloseInAction)
   at System.Data.SqlClient.TdsParser.ThrowExceptionAndWarning(TdsParserStateObject stateObj, Boolean callerHasConnectionLock, Boolean asyncClose)
   at System.Data.SqlClient.TdsParser.TryRun(RunBehavior runBehavior, SqlCommand cmdHandler, SqlDataReader dataStream, BulkCopySimpleResultSet bulkCopyHandler, TdsParserStateObject stateObj, Boolean& dataReady)
   at System.Data.SqlClient.SqlCommand.RunExecuteNonQueryTds(String methodName, Boolean async, Int32 timeout, Boolean asyncWrite)
   at System.Data.SqlClient.SqlCommand.InternalExecuteNonQuery(TaskCompletionSource`1 completion, String methodName, Boolean sendToPipe, Int32 timeout, Boolean asyncWrite)
   at System.Data.SqlClient.SqlCommand.ExecuteNonQuery()
   at AccessData.ExecuteNonQuery(SqlCommand sqlcmd) in f:\Project Crazy\SiteTYVAS\trunk\SourceCode\App_Code\DAO\AccessData.cs:line 242
ClientConnectionId:63edfce7-5e16-4956-8a6a-06b273d0dfc1
2015-05-19 22:18:28,402 [5] ERROR AccessData [(null)] - System.Data.SqlClient.SqlException (0x80131904): Incorrect syntax near ','.
   at AccessData.ExecuteNonQuery(SqlCommand sqlcmd) in f:\Project Crazy\SiteTYVAS\trunk\SourceCode\App_Code\DAO\AccessData.cs:line 247
   at AccessData.ExecuteNonQuery(String strQuery) in f:\Project Crazy\SiteTYVAS\trunk\SourceCode\App_Code\DAO\AccessData.cs:line 208
ClientConnectionId:63edfce7-5e16-4956-8a6a-06b273d0dfc1
2015-05-19 22:18:28,403 [5] ERROR AccessData [(null)] - System.Data.SqlClient.SqlException (0x80131904): Incorrect syntax near ','.
   at AccessData.ExecuteNonQuery(String strQuery) in f:\Project Crazy\SiteTYVAS\trunk\SourceCode\App_Code\DAO\AccessData.cs:line 213
   at AccessData.InsertRow(String table, Object row, String[] column) in f:\Project Crazy\SiteTYVAS\trunk\SourceCode\App_Code\DAO\AccessData.cs:line 309
ClientConnectionId:63edfce7-5e16-4956-8a6a-06b273d0dfc1
2015-05-19 22:18:38,758 [5] INFO _Default [(null)] - Webstart...............
2015-05-19 22:18:38,781 [5] INFO AccessData [(null)] - INSERT INTO Attender (ID,FullName,Email,Phone,Address,Type,CreatedDate,LastModifedDate,CreatedUser,LastModifiedUser) VALUES (,0,'','Phieudieu54@gmail.com','','Nguyen Van Luong',,0,'5/19/2015 10:18:38 PM',null,'Rookey',null)
2015-05-19 22:18:38,806 [5] ERROR AccessData [(null)] - System.Data.SqlClient.SqlException (0x80131904): Incorrect syntax near ','.
   at System.Data.SqlClient.SqlConnection.OnError(SqlException exception, Boolean breakConnection, Action`1 wrapCloseInAction)
   at System.Data.SqlClient.SqlInternalConnection.OnError(SqlException exception, Boolean breakConnection, Action`1 wrapCloseInAction)
   at System.Data.SqlClient.TdsParser.ThrowExceptionAndWarning(TdsParserStateObject stateObj, Boolean callerHasConnectionLock, Boolean asyncClose)
   at System.Data.SqlClient.TdsParser.TryRun(RunBehavior runBehavior, SqlCommand cmdHandler, SqlDataReader dataStream, BulkCopySimpleResultSet bulkCopyHandler, TdsParserStateObject stateObj, Boolean& dataReady)
   at System.Data.SqlClient.SqlCommand.RunExecuteNonQueryTds(String methodName, Boolean async, Int32 timeout, Boolean asyncWrite)
   at System.Data.SqlClient.SqlCommand.InternalExecuteNonQuery(TaskCompletionSource`1 completion, String methodName, Boolean sendToPipe, Int32 timeout, Boolean asyncWrite)
   at System.Data.SqlClient.SqlCommand.ExecuteNonQuery()
   at AccessData.ExecuteNonQuery(SqlCommand sqlcmd) in f:\Project Crazy\SiteTYVAS\trunk\SourceCode\App_Code\DAO\AccessData.cs:line 242
ClientConnectionId:893ba9c0-6ee4-42c9-bb2c-b536cc3e3d17
2015-05-19 22:18:38,807 [5] ERROR AccessData [(null)] - System.Data.SqlClient.SqlException (0x80131904): Incorrect syntax near ','.
   at AccessData.ExecuteNonQuery(SqlCommand sqlcmd) in f:\Project Crazy\SiteTYVAS\trunk\SourceCode\App_Code\DAO\AccessData.cs:line 247
   at AccessData.ExecuteNonQuery(String strQuery) in f:\Project Crazy\SiteTYVAS\trunk\SourceCode\App_Code\DAO\AccessData.cs:line 208
ClientConnectionId:893ba9c0-6ee4-42c9-bb2c-b536cc3e3d17
2015-05-19 22:18:38,808 [5] ERROR AccessData [(null)] - System.Data.SqlClient.SqlException (0x80131904): Incorrect syntax near ','.
   at AccessData.ExecuteNonQuery(String strQuery) in f:\Project Crazy\SiteTYVAS\trunk\SourceCode\App_Code\DAO\AccessData.cs:line 213
   at AccessData.InsertRow(String table, Object row, String[] column) in f:\Project Crazy\SiteTYVAS\trunk\SourceCode\App_Code\DAO\AccessData.cs:line 309
ClientConnectionId:893ba9c0-6ee4-42c9-bb2c-b536cc3e3d17
2015-05-19 22:18:40,164 [6] INFO _Default [(null)] - Webstart...............
2015-05-19 22:21:09,556 [6] INFO AccessData [(null)] - INSERT INTO Attender (ID,FullName,Email,Phone,Address,Type,CreatedDate,LastModifedDate,CreatedUser,LastModifiedUser) VALUES (,0,'','Phieudieu54@gmail.com','','Nguyen Van Luong',,0,'5/19/2015 10:18:42 PM',null,'Rookey',null)
2015-05-19 22:22:50,938 [6] INFO AccessData [(null)] - INSERT INTO Attender (ID,FullName,Email,Phone,Address,Type,CreatedDate,LastModifedDate,CreatedUser,LastModifiedUser) VALUES (,0,'','Phieudieu54@gmail.com','','Nguyen Van Luong',,0,'5/19/2015 10:18:42 PM',null,'Rookey',null)
2015-05-19 22:22:50,940 [6] ERROR AccessData [(null)] - System.Data.SqlClient.SqlException (0x80131904): Incorrect syntax near ','.
   at System.Data.SqlClient.SqlConnection.OnError(SqlException exception, Boolean breakConnection, Action`1 wrapCloseInAction)
   at System.Data.SqlClient.SqlInternalConnection.OnError(SqlException exception, Boolean breakConnection, Action`1 wrapCloseInAction)
   at System.Data.SqlClient.TdsParser.ThrowExceptionAndWarning(TdsParserStateObject stateObj, Boolean callerHasConnectionLock, Boolean asyncClose)
   at System.Data.SqlClient.TdsParser.TryRun(RunBehavior runBehavior, SqlCommand cmdHandler, SqlDataReader dataStream, BulkCopySimpleResultSet bulkCopyHandler, TdsParserStateObject stateObj, Boolean& dataReady)
   at System.Data.SqlClient.SqlCommand.RunExecuteNonQueryTds(String methodName, Boolean async, Int32 timeout, Boolean asyncWrite)
   at System.Data.SqlClient.SqlCommand.InternalExecuteNonQuery(TaskCompletionSource`1 completion, String methodName, Boolean sendToPipe, Int32 timeout, Boolean asyncWrite)
   at System.Data.SqlClient.SqlCommand.ExecuteNonQuery()
   at AccessData.ExecuteNonQuery(SqlCommand sqlcmd) in f:\Project Crazy\SiteTYVAS\trunk\SourceCode\App_Code\DAO\AccessData.cs:line 242
ClientConnectionId:893ba9c0-6ee4-42c9-bb2c-b536cc3e3d17
2015-05-19 22:22:50,941 [6] ERROR AccessData [(null)] - System.Data.SqlClient.SqlException (0x80131904): Incorrect syntax near ','.
   at AccessData.ExecuteNonQuery(SqlCommand sqlcmd) in f:\Project Crazy\SiteTYVAS\trunk\SourceCode\App_Code\DAO\AccessData.cs:line 247
   at AccessData.ExecuteNonQuery(String strQuery) in f:\Project Crazy\SiteTYVAS\trunk\SourceCode\App_Code\DAO\AccessData.cs:line 208
ClientConnectionId:893ba9c0-6ee4-42c9-bb2c-b536cc3e3d17
2015-05-19 22:22:50,941 [6] ERROR AccessData [(null)] - System.Data.SqlClient.SqlException (0x80131904): Incorrect syntax near ','.
   at AccessData.ExecuteNonQuery(String strQuery) in f:\Project Crazy\SiteTYVAS\trunk\SourceCode\App_Code\DAO\AccessData.cs:line 213
   at AccessData.InsertRow(String table, Object row, String[] column) in f:\Project Crazy\SiteTYVAS\trunk\SourceCode\App_Code\DAO\AccessData.cs:line 309
ClientConnectionId:893ba9c0-6ee4-42c9-bb2c-b536cc3e3d17
2015-05-19 22:23:15,143 [5] INFO _Default [(null)] - Webstart...............
2015-05-19 22:23:53,062 [5] ERROR AccessData [(null)] - System.NullReferenceException: Object reference not set to an instance of an object.
   at AccessData.GetInsertSql(String table, Object row, String[] column) in f:\Project Crazy\SiteTYVAS\trunk\SourceCode\App_Code\DAO\AccessData.cs:line 350
2015-05-19 22:23:53,699 [5] INFO AccessData [(null)] - 
2015-05-19 22:26:50,176 [5] ERROR AccessData [(null)] - System.NullReferenceException: Object reference not set to an instance of an object.
   at AccessData.GetInsertSql(String table, Object row, String[] column) in f:\Project Crazy\SiteTYVAS\trunk\SourceCode\App_Code\DAO\AccessData.cs:line 350
2015-05-19 22:26:50,177 [5] INFO AccessData [(null)] - 
2015-05-19 22:26:50,205 [5] ERROR AccessData [(null)] - System.InvalidOperationException: ExecuteNonQuery: CommandText property has not been initialized
   at System.Data.SqlClient.SqlCommand.ValidateCommand(String method, Boolean async)
   at System.Data.SqlClient.SqlCommand.InternalExecuteNonQuery(TaskCompletionSource`1 completion, String methodName, Boolean sendToPipe, Int32 timeout, Boolean asyncWrite)
   at System.Data.SqlClient.SqlCommand.ExecuteNonQuery()
   at AccessData.ExecuteNonQuery(SqlCommand sqlcmd) in f:\Project Crazy\SiteTYVAS\trunk\SourceCode\App_Code\DAO\AccessData.cs:line 242
2015-05-19 22:26:50,206 [5] ERROR AccessData [(null)] - System.InvalidOperationException: ExecuteNonQuery: CommandText property has not been initialized
   at AccessData.ExecuteNonQuery(SqlCommand sqlcmd) in f:\Project Crazy\SiteTYVAS\trunk\SourceCode\App_Code\DAO\AccessData.cs:line 247
   at AccessData.ExecuteNonQuery(String strQuery) in f:\Project Crazy\SiteTYVAS\trunk\SourceCode\App_Code\DAO\AccessData.cs:line 208
2015-05-19 22:26:50,206 [5] ERROR AccessData [(null)] - System.InvalidOperationException: ExecuteNonQuery: CommandText property has not been initialized
   at AccessData.ExecuteNonQuery(String strQuery) in f:\Project Crazy\SiteTYVAS\trunk\SourceCode\App_Code\DAO\AccessData.cs:line 213
   at AccessData.InsertRow(String table, Object row, String[] column) in f:\Project Crazy\SiteTYVAS\trunk\SourceCode\App_Code\DAO\AccessData.cs:line 309
2015-05-19 22:28:59,637 [6] INFO _Default [(null)] - Webstart...............
2015-05-19 22:31:06,393 [6] INFO AccessData [(null)] - INSERT INTO Attender (FullName,Email,Phone,Address,Type,CreatedDate,LastModifedDate,CreatedUser,LastModifiedUser) VALUES ('','Phieudieu54@gmail.com','','Nguyen Van Luong',,0,'5/19/2015 10:29:01 PM',null,'Rookey',null)
2015-05-19 22:31:23,429 [6] INFO AccessData [(null)] - INSERT INTO Attender (FullName,Email,Phone,Address,Type,CreatedDate,LastModifedDate,CreatedUser,LastModifiedUser) VALUES ('','Phieudieu54@gmail.com','','Nguyen Van Luong',,0,'5/19/2015 10:29:01 PM',null,'Rookey',null)
2015-05-19 22:31:23,460 [6] ERROR AccessData [(null)] - System.Data.SqlClient.SqlException (0x80131904): Incorrect syntax near ','.
   at System.Data.SqlClient.SqlConnection.OnError(SqlException exception, Boolean breakConnection, Action`1 wrapCloseInAction)
   at System.Data.SqlClient.SqlInternalConnection.OnError(SqlException exception, Boolean breakConnection, Action`1 wrapCloseInAction)
   at System.Data.SqlClient.TdsParser.ThrowExceptionAndWarning(TdsParserStateObject stateObj, Boolean callerHasConnectionLock, Boolean asyncClose)
   at System.Data.SqlClient.TdsParser.TryRun(RunBehavior runBehavior, SqlCommand cmdHandler, SqlDataReader dataStream, BulkCopySimpleResultSet bulkCopyHandler, TdsParserStateObject stateObj, Boolean& dataReady)
   at System.Data.SqlClient.SqlCommand.RunExecuteNonQueryTds(String methodName, Boolean async, Int32 timeout, Boolean asyncWrite)
   at System.Data.SqlClient.SqlCommand.InternalExecuteNonQuery(TaskCompletionSource`1 completion, String methodName, Boolean sendToPipe, Int32 timeout, Boolean asyncWrite)
   at System.Data.SqlClient.SqlCommand.ExecuteNonQuery()
   at AccessData.ExecuteNonQuery(SqlCommand sqlcmd) in f:\Project Crazy\SiteTYVAS\trunk\SourceCode\App_Code\DAO\AccessData.cs:line 242
ClientConnectionId:24fa0ed2-34c3-47af-9e3e-faa328b97e45
2015-05-19 22:31:23,461 [6] ERROR AccessData [(null)] - System.Data.SqlClient.SqlException (0x80131904): Incorrect syntax near ','.
   at AccessData.ExecuteNonQuery(SqlCommand sqlcmd) in f:\Project Crazy\SiteTYVAS\trunk\SourceCode\App_Code\DAO\AccessData.cs:line 247
   at AccessData.ExecuteNonQuery(String strQuery) in f:\Project Crazy\SiteTYVAS\trunk\SourceCode\App_Code\DAO\AccessData.cs:line 208
ClientConnectionId:24fa0ed2-34c3-47af-9e3e-faa328b97e45
2015-05-19 22:31:23,462 [6] ERROR AccessData [(null)] - System.Data.SqlClient.SqlException (0x80131904): Incorrect syntax near ','.
   at AccessData.ExecuteNonQuery(String strQuery) in f:\Project Crazy\SiteTYVAS\trunk\SourceCode\App_Code\DAO\AccessData.cs:line 213
   at AccessData.InsertRow(String table, Object row, String[] column) in f:\Project Crazy\SiteTYVAS\trunk\SourceCode\App_Code\DAO\AccessData.cs:line 309
ClientConnectionId:24fa0ed2-34c3-47af-9e3e-faa328b97e45
2015-05-19 22:31:32,926 [5] INFO _Default [(null)] - Webstart...............
2015-05-19 22:35:47,126 [5] INFO AccessData [(null)] - INSERT INTO Attender (FullName,Email,Phone,Address,Type,CreatedDate,LastModifedDate,CreatedUser,LastModifiedUser) VALUES ('','Phieudieu54@gmail.com','','Nguyen Van Luong',0,'5/19/2015 10:31:35 PM',null,'Rookey',null)
2015-05-26 21:46:04,535 [5] INFO _Default [(null)] - Webstart...............
2015-05-26 21:46:13,615 [5] INFO AccessData [(null)] - INSERT INTO Attender (FullName,Email,Phone,Address,Type,CreatedDate,LastModifedDate,CreatedUser,LastModifiedUser) VALUES ('','Phieudieu54@gmail.com','','Nguyen Van Luong1',0,'5/26/2015 9:46:04 PM',null,'Rookey',null)
2015-05-26 21:50:04,376 [5] ERROR MsSqlDataAccess [(null)] - System.InvalidOperationException: A circular reference was detected while serializing an object of type 'System.Reflection.RuntimeModule'.
   at System.Web.Script.Serialization.JavaScriptSerializer.SerializeValueInternal(Object o, StringBuilder sb, Int32 depth, Hashtable objectsInUse, SerializationFormat serializationFormat, MemberInfo currentMember)
   at System.Web.Script.Serialization.JavaScriptSerializer.SerializeValue(Object o, StringBuilder sb, Int32 depth, Hashtable objectsInUse, SerializationFormat serializationFormat, MemberInfo currentMember)
   at System.Web.Script.Serialization.JavaScriptSerializer.SerializeCustomObject(Object o, StringBuilder sb, Int32 depth, Hashtable objectsInUse, SerializationFormat serializationFormat)
   at System.Web.Script.Serialization.JavaScriptSerializer.SerializeValueInternal(Object o, StringBuilder sb, Int32 depth, Hashtable objectsInUse, SerializationFormat serializationFormat, MemberInfo currentMember)
   at System.Web.Script.Serialization.JavaScriptSerializer.SerializeValue(Object o, StringBuilder sb, Int32 depth, Hashtable objectsInUse, SerializationFormat serializationFormat, MemberInfo currentMember)
   at System.Web.Script.Serialization.JavaScriptSerializer.SerializeEnumerable(IEnumerable enumerable, StringBuilder sb, Int32 depth, Hashtable objectsInUse, SerializationFormat serializationFormat)
   at System.Web.Script.Serialization.JavaScriptSerializer.SerializeValueInternal(Object o, StringBuilder sb, Int32 depth, Hashtable objectsInUse, SerializationFormat serializationFormat, MemberInfo currentMember)
   at System.Web.Script.Serialization.JavaScriptSerializer.SerializeValue(Object o, StringBuilder sb, Int32 depth, Hashtable objectsInUse, SerializationFormat serializationFormat, MemberInfo currentMember)
   at System.Web.Script.Serialization.JavaScriptSerializer.SerializeCustomObject(Object o, StringBuilder sb, Int32 depth, Hashtable objectsInUse, SerializationFormat serializationFormat)
   at System.Web.Script.Serialization.JavaScriptSerializer.SerializeValueInternal(Object o, StringBuilder sb, Int32 depth, Hashtable objectsInUse, SerializationFormat serializationFormat, MemberInfo currentMember)
   at System.Web.Script.Serialization.JavaScriptSerializer.SerializeValue(Object o, StringBuilder sb, Int32 depth, Hashtable objectsInUse, SerializationFormat serializationFormat, MemberInfo currentMember)
   at System.Web.Script.Serialization.JavaScriptSerializer.SerializeCustomObject(Object o, StringBuilder sb, Int32 depth, Hashtable objectsInUse, SerializationFormat serializationFormat)
   at System.Web.Script.Serialization.JavaScriptSerializer.SerializeValueInternal(Object o, StringBuilder sb, Int32 depth, Hashtable objectsInUse, SerializationFormat serializationFormat, MemberInfo currentMember)
   at System.Web.Script.Serialization.JavaScriptSerializer.SerializeValue(Object o, StringBuilder sb, Int32 depth, Hashtable objectsInUse, SerializationFormat serializationFormat, MemberInfo currentMember)
   at System.Web.Script.Serialization.JavaScriptSerializer.SerializeCustomObject(Object o, StringBuilder sb, Int32 depth, Hashtable objectsInUse, SerializationFormat serializationFormat)
   at System.Web.Script.Serialization.JavaScriptSerializer.SerializeValueInternal(Object o, StringBuilder sb, Int32 depth, Hashtable objectsInUse, SerializationFormat serializationFormat, MemberInfo currentMember)
   at System.Web.Script.Serialization.JavaScriptSerializer.SerializeValue(Object o, StringBuilder sb, Int32 depth, Hashtable objectsInUse, SerializationFormat serializationFormat, MemberInfo currentMember)
   at System.Web.Script.Serialization.JavaScriptSerializer.SerializeCustomObject(Object o, StringBuilder sb, Int32 depth, Hashtable objectsInUse, SerializationFormat serializationFormat)
   at System.Web.Script.Serialization.JavaScriptSerializer.SerializeValueInternal(Object o, StringBuilder sb, Int32 depth, Hashtable objectsInUse, SerializationFormat serializationFormat, MemberInfo currentMember)
   at System.Web.Script.Serialization.JavaScriptSerializer.SerializeValue(Object o, StringBuilder sb, Int32 depth, Hashtable objectsInUse, SerializationFormat serializationFormat, MemberInfo currentMember)
   at System.Web.Script.Serialization.JavaScriptSerializer.SerializeEnumerable(IEnumerable enumerable, StringBuilder sb, Int32 depth, Hashtable objectsInUse, SerializationFormat serializationFormat)
   at System.Web.Script.Serialization.JavaScriptSerializer.SerializeValueInternal(Object o, StringBuilder sb, Int32 depth, Hashtable objectsInUse, SerializationFormat serializationFormat, MemberInfo currentMember)
   at System.Web.Script.Serialization.JavaScriptSerializer.SerializeValue(Object o, StringBuilder sb, Int32 depth, Hashtable objectsInUse, SerializationFormat serializationFormat, MemberInfo currentMember)
   at System.Web.Script.Serialization.JavaScriptSerializer.SerializeCustomObject(Object o, StringBuilder sb, Int32 depth, Hashtable objectsInUse, SerializationFormat serializationFormat)
   at System.Web.Script.Serialization.JavaScriptSerializer.SerializeValueInternal(Object o, StringBuilder sb, Int32 depth, Hashtable objectsInUse, SerializationFormat serializationFormat, MemberInfo currentMember)
   at System.Web.Script.Serialization.JavaScriptSerializer.SerializeValue(Object o, StringBuilder sb, Int32 depth, Hashtable objectsInUse, SerializationFormat serializationFormat, MemberInfo currentMember)
   at System.Web.Script.Serialization.JavaScriptSerializer.Serialize(Object obj, StringBuilder output, SerializationFormat serializationFormat)
   at System.Web.Script.Serialization.JavaScriptSerializer.Serialize(Object obj, SerializationFormat serializationFormat)
   at System.Web.Script.Serialization.JavaScriptSerializer.Serialize(Object obj)
   at MsSqlDataAccess.GetAllAttender() in f:\Project Crazy\SiteTYVAS\trunk\SourceCode\App_Code\DAO\MsSqlDataAccess.cs:line 76
2015-05-26 21:58:46,793 [4] INFO _Default [(null)] - Webstart...............
2015-05-26 21:58:51,627 [4] INFO AccessData [(null)] - INSERT INTO Attender (FullName,Email,Phone,Address,Type,CreatedDate,LastModifedDate,CreatedUser,LastModifiedUser) VALUES ('','Phieudieu54@gmail.com','','Nguyen Van Luong1',0,'5/26/2015 9:58:46 PM',null,'Rookey',null)
2015-05-26 21:59:07,057 [4] ERROR MsSqlDataAccess [(null)] - System.InvalidOperationException: A circular reference was detected while serializing an object of type 'System.Reflection.RuntimeModule'.
   at System.Web.Script.Serialization.JavaScriptSerializer.SerializeValueInternal(Object o, StringBuilder sb, Int32 depth, Hashtable objectsInUse, SerializationFormat serializationFormat, MemberInfo currentMember)
   at System.Web.Script.Serialization.JavaScriptSerializer.SerializeValue(Object o, StringBuilder sb, Int32 depth, Hashtable objectsInUse, SerializationFormat serializationFormat, MemberInfo currentMember)
   at System.Web.Script.Serialization.JavaScriptSerializer.SerializeCustomObject(Object o, StringBuilder sb, Int32 depth, Hashtable objectsInUse, SerializationFormat serializationFormat)
   at System.Web.Script.Serialization.JavaScriptSerializer.SerializeValueInternal(Object o, StringBuilder sb, Int32 depth, Hashtable objectsInUse, SerializationFormat serializationFormat, MemberInfo currentMember)
   at System.Web.Script.Serialization.JavaScriptSerializer.SerializeValue(Object o, StringBuilder sb, Int32 depth, Hashtable objectsInUse, SerializationFormat serializationFormat, MemberInfo currentMember)
   at System.Web.Script.Serialization.JavaScriptSerializer.SerializeEnumerable(IEnumerable enumerable, StringBuilder sb, Int32 depth, Hashtable objectsInUse, SerializationFormat serializationFormat)
   at System.Web.Script.Serialization.JavaScriptSerializer.SerializeValueInternal(Object o, StringBuilder sb, Int32 depth, Hashtable objectsInUse, SerializationFormat serializationFormat, MemberInfo currentMember)
   at System.Web.Script.Serialization.JavaScriptSerializer.SerializeValue(Object o, StringBuilder sb, Int32 depth, Hashtable objectsInUse, SerializationFormat serializationFormat, MemberInfo currentMember)
   at System.Web.Script.Serialization.JavaScriptSerializer.SerializeCustomObject(Object o, StringBuilder sb, Int32 depth, Hashtable objectsInUse, SerializationFormat serializationFormat)
   at System.Web.Script.Serialization.JavaScriptSerializer.SerializeValueInternal(Object o, StringBuilder sb, Int32 depth, Hashtable objectsInUse, SerializationFormat serializationFormat, MemberInfo currentMember)
   at System.Web.Script.Serialization.JavaScriptSerializer.SerializeValue(Object o, StringBuilder sb, Int32 depth, Hashtable objectsInUse, SerializationFormat serializationFormat, MemberInfo currentMember)
   at System.Web.Script.Serialization.JavaScriptSerializer.SerializeCustomObject(Object o, StringBuilder sb, Int32 depth, Hashtable objectsInUse, SerializationFormat serializationFormat)
   at System.Web.Script.Serialization.JavaScriptSerializer.SerializeValueInternal(Object o, StringBuilder sb, Int32 depth, Hashtable objectsInUse, SerializationFormat serializationFormat, MemberInfo currentMember)
   at System.Web.Script.Serialization.JavaScriptSerializer.SerializeValue(Object o, StringBuilder sb, Int32 depth, Hashtable objectsInUse, SerializationFormat serializationFormat, MemberInfo currentMember)
   at System.Web.Script.Serialization.JavaScriptSerializer.SerializeCustomObject(Object o, StringBuilder sb, Int32 depth, Hashtable objectsInUse, SerializationFormat serializationFormat)
   at System.Web.Script.Serialization.JavaScriptSerializer.SerializeValueInternal(Object o, StringBuilder sb, Int32 depth, Hashtable objectsInUse, SerializationFormat serializationFormat, MemberInfo currentMember)
   at System.Web.Script.Serialization.JavaScriptSerializer.SerializeValue(Object o, StringBuilder sb, Int32 depth, Hashtable objectsInUse, SerializationFormat serializationFormat, MemberInfo currentMember)
   at System.Web.Script.Serialization.JavaScriptSerializer.SerializeCustomObject(Object o, StringBuilder sb, Int32 depth, Hashtable objectsInUse, SerializationFormat serializationFormat)
   at System.Web.Script.Serialization.JavaScriptSerializer.SerializeValueInternal(Object o, StringBuilder sb, Int32 depth, Hashtable objectsInUse, SerializationFormat serializationFormat, MemberInfo currentMember)
   at System.Web.Script.Serialization.JavaScriptSerializer.SerializeValue(Object o, StringBuilder sb, Int32 depth, Hashtable objectsInUse, SerializationFormat serializationFormat, MemberInfo currentMember)
   at System.Web.Script.Serialization.JavaScriptSerializer.SerializeEnumerable(IEnumerable enumerable, StringBuilder sb, Int32 depth, Hashtable objectsInUse, SerializationFormat serializationFormat)
   at System.Web.Script.Serialization.JavaScriptSerializer.SerializeValueInternal(Object o, StringBuilder sb, Int32 depth, Hashtable objectsInUse, SerializationFormat serializationFormat, MemberInfo currentMember)
   at System.Web.Script.Serialization.JavaScriptSerializer.SerializeValue(Object o, StringBuilder sb, Int32 depth, Hashtable objectsInUse, SerializationFormat serializationFormat, MemberInfo currentMember)
   at System.Web.Script.Serialization.JavaScriptSerializer.SerializeCustomObject(Object o, StringBuilder sb, Int32 depth, Hashtable objectsInUse, SerializationFormat serializationFormat)
   at System.Web.Script.Serialization.JavaScriptSerializer.SerializeValueInternal(Object o, StringBuilder sb, Int32 depth, Hashtable objectsInUse, SerializationFormat serializationFormat, MemberInfo currentMember)
   at System.Web.Script.Serialization.JavaScriptSerializer.SerializeValue(Object o, StringBuilder sb, Int32 depth, Hashtable objectsInUse, SerializationFormat serializationFormat, MemberInfo currentMember)
   at System.Web.Script.Serialization.JavaScriptSerializer.Serialize(Object obj, StringBuilder output, SerializationFormat serializationFormat)
   at System.Web.Script.Serialization.JavaScriptSerializer.Serialize(Object obj, SerializationFormat serializationFormat)
   at System.Web.Script.Serialization.JavaScriptSerializer.Serialize(Object obj)
   at MsSqlDataAccess.GetAllAttender() in f:\Project Crazy\SiteTYVAS\trunk\SourceCode\App_Code\DAO\MsSqlDataAccess.cs:line 76
2015-05-26 22:00:43,223 [4] ERROR MsSqlDataAccess [(null)] - System.InvalidOperationException: A circular reference was detected while serializing an object of type 'System.Reflection.RuntimeModule'.
   at System.Web.Script.Serialization.JavaScriptSerializer.SerializeValueInternal(Object o, StringBuilder sb, Int32 depth, Hashtable objectsInUse, SerializationFormat serializationFormat, MemberInfo currentMember)
   at System.Web.Script.Serialization.JavaScriptSerializer.SerializeValue(Object o, StringBuilder sb, Int32 depth, Hashtable objectsInUse, SerializationFormat serializationFormat, MemberInfo currentMember)
   at System.Web.Script.Serialization.JavaScriptSerializer.SerializeCustomObject(Object o, StringBuilder sb, Int32 depth, Hashtable objectsInUse, SerializationFormat serializationFormat)
   at System.Web.Script.Serialization.JavaScriptSerializer.SerializeValueInternal(Object o, StringBuilder sb, Int32 depth, Hashtable objectsInUse, SerializationFormat serializationFormat, MemberInfo currentMember)
   at System.Web.Script.Serialization.JavaScriptSerializer.SerializeValue(Object o, StringBuilder sb, Int32 depth, Hashtable objectsInUse, SerializationFormat serializationFormat, MemberInfo currentMember)
   at System.Web.Script.Serialization.JavaScriptSerializer.SerializeEnumerable(IEnumerable enumerable, StringBuilder sb, Int32 depth, Hashtable objectsInUse, SerializationFormat serializationFormat)
   at System.Web.Script.Serialization.JavaScriptSerializer.SerializeValueInternal(Object o, StringBuilder sb, Int32 depth, Hashtable objectsInUse, SerializationFormat serializationFormat, MemberInfo currentMember)
   at System.Web.Script.Serialization.JavaScriptSerializer.SerializeValue(Object o, StringBuilder sb, Int32 depth, Hashtable objectsInUse, SerializationFormat serializationFormat, MemberInfo currentMember)
   at System.Web.Script.Serialization.JavaScriptSerializer.SerializeCustomObject(Object o, StringBuilder sb, Int32 depth, Hashtable objectsInUse, SerializationFormat serializationFormat)
   at System.Web.Script.Serialization.JavaScriptSerializer.SerializeValueInternal(Object o, StringBuilder sb, Int32 depth, Hashtable objectsInUse, SerializationFormat serializationFormat, MemberInfo currentMember)
   at System.Web.Script.Serialization.JavaScriptSerializer.SerializeValue(Object o, StringBuilder sb, Int32 depth, Hashtable objectsInUse, SerializationFormat serializationFormat, MemberInfo currentMember)
   at System.Web.Script.Serialization.JavaScriptSerializer.SerializeCustomObject(Object o, StringBuilder sb, Int32 depth, Hashtable objectsInUse, SerializationFormat serializationFormat)
   at System.Web.Script.Serialization.JavaScriptSerializer.SerializeValueInternal(Object o, StringBuilder sb, Int32 depth, Hashtable objectsInUse, SerializationFormat serializationFormat, MemberInfo currentMember)
   at System.Web.Script.Serialization.JavaScriptSerializer.SerializeValue(Object o, StringBuilder sb, Int32 depth, Hashtable objectsInUse, SerializationFormat serializationFormat, MemberInfo currentMember)
   at System.Web.Script.Serialization.JavaScriptSerializer.SerializeCustomObject(Object o, StringBuilder sb, Int32 depth, Hashtable objectsInUse, SerializationFormat serializationFormat)
   at System.Web.Script.Serialization.JavaScriptSerializer.SerializeValueInternal(Object o, StringBuilder sb, Int32 depth, Hashtable objectsInUse, SerializationFormat serializationFormat, MemberInfo currentMember)
   at System.Web.Script.Serialization.JavaScriptSerializer.SerializeValue(Object o, StringBuilder sb, Int32 depth, Hashtable objectsInUse, SerializationFormat serializationFormat, MemberInfo currentMember)
   at System.Web.Script.Serialization.JavaScriptSerializer.SerializeCustomObject(Object o, StringBuilder sb, Int32 depth, Hashtable objectsInUse, SerializationFormat serializationFormat)
   at System.Web.Script.Serialization.JavaScriptSerializer.SerializeValueInternal(Object o, StringBuilder sb, Int32 depth, Hashtable objectsInUse, SerializationFormat serializationFormat, MemberInfo currentMember)
   at System.Web.Script.Serialization.JavaScriptSerializer.SerializeValue(Object o, StringBuilder sb, Int32 depth, Hashtable objectsInUse, SerializationFormat serializationFormat, MemberInfo currentMember)
   at System.Web.Script.Serialization.JavaScriptSerializer.SerializeEnumerable(IEnumerable enumerable, StringBuilder sb, Int32 depth, Hashtable objectsInUse, SerializationFormat serializationFormat)
   at System.Web.Script.Serialization.JavaScriptSerializer.SerializeValueInternal(Object o, StringBuilder sb, Int32 depth, Hashtable objectsInUse, SerializationFormat serializationFormat, MemberInfo currentMember)
   at System.Web.Script.Serialization.JavaScriptSerializer.SerializeValue(Object o, StringBuilder sb, Int32 depth, Hashtable objectsInUse, SerializationFormat serializationFormat, MemberInfo currentMember)
   at System.Web.Script.Serialization.JavaScriptSerializer.SerializeCustomObject(Object o, StringBuilder sb, Int32 depth, Hashtable objectsInUse, SerializationFormat serializationFormat)
   at System.Web.Script.Serialization.JavaScriptSerializer.SerializeValueInternal(Object o, StringBuilder sb, Int32 depth, Hashtable objectsInUse, SerializationFormat serializationFormat, MemberInfo currentMember)
   at System.Web.Script.Serialization.JavaScriptSerializer.SerializeValue(Object o, StringBuilder sb, Int32 depth, Hashtable objectsInUse, SerializationFormat serializationFormat, MemberInfo currentMember)
   at System.Web.Script.Serialization.JavaScriptSerializer.Serialize(Object obj, StringBuilder output, SerializationFormat serializationFormat)
   at System.Web.Script.Serialization.JavaScriptSerializer.Serialize(Object obj, SerializationFormat serializationFormat)
   at System.Web.Script.Serialization.JavaScriptSerializer.Serialize(Object obj)
   at MsSqlDataAccess.GetAllAttender() in f:\Project Crazy\SiteTYVAS\trunk\SourceCode\App_Code\DAO\MsSqlDataAccess.cs:line 76
2015-05-26 22:01:39,150 [5] INFO _Default [(null)] - Webstart...............
2015-05-26 22:01:39,174 [5] INFO AccessData [(null)] - INSERT INTO Attender (FullName,Email,Phone,Address,Type,CreatedDate,LastModifedDate,CreatedUser,LastModifiedUser) VALUES ('','Phieudieu54@gmail.com','','Nguyen Van Luong1',0,'5/26/2015 10:01:39 PM',null,'Rookey',null)
2015-05-31 14:08:28,447 [5] INFO _Default [(null)] - Webstart...............
2015-05-31 14:08:28,468 [5] INFO AccessData [(null)] - INSERT INTO Attender (FullName,Email,Phone,Address,Type,CreatedDate,LastModifedDate,CreatedUser,LastModifiedUser) VALUES ('','Phieudieu54@gmail.com','','Nguyen Van Luong1',0,'5/31/2015 2:08:28 PM',null,'Rookey',null)
